{"/Users/andreascastello/Documents/M2/Integration_deploiment/tp1/cicd/src/App.jsx": {"path":"/Users/andreascastello/Documents/M2/Integration_deploiment/tp1/cicd/src/App.jsx","all":false,"statementMap":{"0":{"start":{"line":1,"column":0},"end":{"line":1,"column":32}},"1":{"start":{"line":2,"column":0},"end":{"line":2,"column":42}},"2":{"start":{"line":3,"column":0},"end":{"line":3,"column":32}},"3":{"start":{"line":4,"column":0},"end":{"line":4,"column":18}},"5":{"start":{"line":6,"column":0},"end":{"line":6,"column":16}},"6":{"start":{"line":7,"column":0},"end":{"line":7,"column":39}},"8":{"start":{"line":9,"column":0},"end":{"line":9,"column":10}},"9":{"start":{"line":10,"column":0},"end":{"line":10,"column":6}},"10":{"start":{"line":11,"column":0},"end":{"line":11,"column":11}},"11":{"start":{"line":12,"column":0},"end":{"line":12,"column":51}},"12":{"start":{"line":13,"column":0},"end":{"line":13,"column":65}},"13":{"start":{"line":14,"column":0},"end":{"line":14,"column":12}},"14":{"start":{"line":15,"column":0},"end":{"line":15,"column":52}},"15":{"start":{"line":16,"column":0},"end":{"line":16,"column":73}},"16":{"start":{"line":17,"column":0},"end":{"line":17,"column":12}},"17":{"start":{"line":18,"column":0},"end":{"line":18,"column":12}},"18":{"start":{"line":19,"column":0},"end":{"line":19,"column":27}},"19":{"start":{"line":20,"column":0},"end":{"line":20,"column":28}},"20":{"start":{"line":21,"column":0},"end":{"line":21,"column":63}},"21":{"start":{"line":22,"column":0},"end":{"line":22,"column":26}},"22":{"start":{"line":23,"column":0},"end":{"line":23,"column":17}},"23":{"start":{"line":24,"column":0},"end":{"line":24,"column":11}},"24":{"start":{"line":25,"column":0},"end":{"line":25,"column":60}},"25":{"start":{"line":26,"column":0},"end":{"line":26,"column":12}},"26":{"start":{"line":27,"column":0},"end":{"line":27,"column":12}},"27":{"start":{"line":28,"column":0},"end":{"line":28,"column":35}},"29":{"start":{"line":30,"column":0},"end":{"line":30,"column":10}},"30":{"start":{"line":31,"column":0},"end":{"line":31,"column":7}},"32":{"start":{"line":33,"column":0},"end":{"line":33,"column":1}},"34":{"start":{"line":35,"column":0},"end":{"line":35,"column":18}}},"s":{"0":1,"1":1,"2":1,"3":1,"5":3,"6":3,"8":3,"9":3,"10":3,"11":3,"12":3,"13":3,"14":3,"15":3,"16":3,"17":3,"18":3,"19":3,"20":3,"21":3,"22":3,"23":3,"24":3,"25":3,"26":3,"27":3,"29":3,"30":3,"32":3,"34":1},"branchMap":{"0":{"type":"branch","line":6,"loc":{"start":{"line":6,"column":0},"end":{"line":33,"column":1}},"locations":[{"start":{"line":6,"column":0},"end":{"line":33,"column":1}}]},"1":{"type":"branch","line":21,"loc":{"start":{"line":21,"column":25},"end":{"line":21,"column":63}},"locations":[{"start":{"line":21,"column":25},"end":{"line":21,"column":63}}]},"2":{"type":"branch","line":21,"loc":{"start":{"line":21,"column":40},"end":{"line":21,"column":60}},"locations":[{"start":{"line":21,"column":40},"end":{"line":21,"column":60}}]}},"b":{"0":[3],"1":[1],"2":[1]},"fnMap":{"0":{"name":"App","decl":{"start":{"line":6,"column":0},"end":{"line":33,"column":1}},"loc":{"start":{"line":6,"column":0},"end":{"line":33,"column":1}},"line":6},"1":{"name":"onClick","decl":{"start":{"line":21,"column":25},"end":{"line":21,"column":63}},"loc":{"start":{"line":21,"column":25},"end":{"line":21,"column":63}},"line":21}},"f":{"0":3,"1":1}}
,"/Users/andreascastello/Documents/M2/Integration_deploiment/tp1/cicd/src/components/RegistrationForm.jsx": {"path":"/Users/andreascastello/Documents/M2/Integration_deploiment/tp1/cicd/src/components/RegistrationForm.jsx","all":false,"statementMap":{"2":{"start":{"line":3,"column":0},"end":{"line":3,"column":32}},"3":{"start":{"line":4,"column":0},"end":{"line":4,"column":94}},"5":{"start":{"line":6,"column":0},"end":{"line":6,"column":22}},"6":{"start":{"line":7,"column":0},"end":{"line":7,"column":18}},"7":{"start":{"line":8,"column":0},"end":{"line":8,"column":17}},"8":{"start":{"line":9,"column":0},"end":{"line":9,"column":14}},"9":{"start":{"line":10,"column":0},"end":{"line":10,"column":18}},"10":{"start":{"line":11,"column":0},"end":{"line":11,"column":13}},"11":{"start":{"line":12,"column":0},"end":{"line":12,"column":19}},"12":{"start":{"line":13,"column":0},"end":{"line":13,"column":1}},"14":{"start":{"line":15,"column":0},"end":{"line":15,"column":44}},"15":{"start":{"line":16,"column":0},"end":{"line":16,"column":58}},"16":{"start":{"line":17,"column":0},"end":{"line":17,"column":44}},"17":{"start":{"line":18,"column":0},"end":{"line":18,"column":46}},"18":{"start":{"line":19,"column":0},"end":{"line":19,"column":52}},"20":{"start":{"line":21,"column":0},"end":{"line":21,"column":33}},"21":{"start":{"line":22,"column":0},"end":{"line":22,"column":69}},"22":{"start":{"line":23,"column":0},"end":{"line":23,"column":5}},"25":{"start":{"line":26,"column":0},"end":{"line":26,"column":28}},"26":{"start":{"line":27,"column":0},"end":{"line":27,"column":28}},"27":{"start":{"line":28,"column":0},"end":{"line":28,"column":88}},"28":{"start":{"line":29,"column":0},"end":{"line":29,"column":85}},"29":{"start":{"line":30,"column":0},"end":{"line":30,"column":76}},"30":{"start":{"line":31,"column":0},"end":{"line":31,"column":89}},"31":{"start":{"line":32,"column":0},"end":{"line":32,"column":63}},"32":{"start":{"line":33,"column":0},"end":{"line":33,"column":97}},"34":{"start":{"line":35,"column":0},"end":{"line":35,"column":28}},"35":{"start":{"line":36,"column":0},"end":{"line":36,"column":50}},"36":{"start":{"line":37,"column":0},"end":{"line":37,"column":5}},"38":{"start":{"line":39,"column":0},"end":{"line":39,"column":33}},"39":{"start":{"line":40,"column":0},"end":{"line":40,"column":26}},"40":{"start":{"line":41,"column":0},"end":{"line":41,"column":25}},"41":{"start":{"line":42,"column":0},"end":{"line":42,"column":74}},"42":{"start":{"line":43,"column":0},"end":{"line":43,"column":50}},"43":{"start":{"line":44,"column":0},"end":{"line":44,"column":29}},"44":{"start":{"line":45,"column":0},"end":{"line":45,"column":37}},"45":{"start":{"line":46,"column":0},"end":{"line":46,"column":16}},"46":{"start":{"line":47,"column":0},"end":{"line":47,"column":26}},"47":{"start":{"line":48,"column":0},"end":{"line":48,"column":55}},"48":{"start":{"line":49,"column":0},"end":{"line":49,"column":9}},"49":{"start":{"line":50,"column":0},"end":{"line":50,"column":5}},"51":{"start":{"line":52,"column":0},"end":{"line":52,"column":117}},"53":{"start":{"line":54,"column":0},"end":{"line":54,"column":12}},"54":{"start":{"line":55,"column":0},"end":{"line":55,"column":70}},"55":{"start":{"line":56,"column":0},"end":{"line":56,"column":68}},"56":{"start":{"line":57,"column":0},"end":{"line":57,"column":72}},"58":{"start":{"line":59,"column":0},"end":{"line":59,"column":126}},"59":{"start":{"line":60,"column":0},"end":{"line":60,"column":34}},"60":{"start":{"line":61,"column":0},"end":{"line":61,"column":74}},"61":{"start":{"line":62,"column":0},"end":{"line":62,"column":38}},"62":{"start":{"line":63,"column":0},"end":{"line":63,"column":20}},"65":{"start":{"line":66,"column":0},"end":{"line":66,"column":123}},"66":{"start":{"line":67,"column":0},"end":{"line":67,"column":33}},"67":{"start":{"line":68,"column":0},"end":{"line":68,"column":73}},"68":{"start":{"line":69,"column":0},"end":{"line":69,"column":37}},"69":{"start":{"line":70,"column":0},"end":{"line":70,"column":20}},"72":{"start":{"line":73,"column":0},"end":{"line":73,"column":114}},"73":{"start":{"line":74,"column":0},"end":{"line":74,"column":30}},"74":{"start":{"line":75,"column":0},"end":{"line":75,"column":70}},"75":{"start":{"line":76,"column":0},"end":{"line":76,"column":34}},"76":{"start":{"line":77,"column":0},"end":{"line":77,"column":20}},"79":{"start":{"line":80,"column":0},"end":{"line":80,"column":124}},"80":{"start":{"line":81,"column":0},"end":{"line":81,"column":34}},"81":{"start":{"line":82,"column":0},"end":{"line":82,"column":74}},"82":{"start":{"line":83,"column":0},"end":{"line":83,"column":38}},"83":{"start":{"line":84,"column":0},"end":{"line":84,"column":20}},"86":{"start":{"line":87,"column":0},"end":{"line":87,"column":110}},"87":{"start":{"line":88,"column":0},"end":{"line":88,"column":29}},"88":{"start":{"line":89,"column":0},"end":{"line":89,"column":69}},"89":{"start":{"line":90,"column":0},"end":{"line":90,"column":33}},"90":{"start":{"line":91,"column":0},"end":{"line":91,"column":20}},"93":{"start":{"line":94,"column":0},"end":{"line":94,"column":18}},"94":{"start":{"line":95,"column":0},"end":{"line":95,"column":27}},"95":{"start":{"line":96,"column":0},"end":{"line":96,"column":33}},"96":{"start":{"line":97,"column":0},"end":{"line":97,"column":41}},"97":{"start":{"line":98,"column":0},"end":{"line":98,"column":43}},"98":{"start":{"line":99,"column":0},"end":{"line":99,"column":39}},"99":{"start":{"line":100,"column":0},"end":{"line":100,"column":14}},"100":{"start":{"line":101,"column":0},"end":{"line":101,"column":35}},"101":{"start":{"line":102,"column":0},"end":{"line":102,"column":75}},"102":{"start":{"line":103,"column":0},"end":{"line":103,"column":39}},"103":{"start":{"line":104,"column":0},"end":{"line":104,"column":20}},"106":{"start":{"line":107,"column":0},"end":{"line":107,"column":61}},"108":{"start":{"line":109,"column":0},"end":{"line":109,"column":21}},"109":{"start":{"line":110,"column":0},"end":{"line":110,"column":15}},"111":{"start":{"line":112,"column":0},"end":{"line":112,"column":1}}},"s":{"2":1,"3":1,"5":1,"6":1,"7":1,"8":1,"9":1,"10":1,"11":1,"12":1,"14":17,"15":17,"16":17,"17":17,"18":17,"20":17,"21":12,"22":12,"25":17,"26":2,"27":2,"28":2,"29":2,"30":2,"31":2,"32":2,"34":2,"35":2,"36":2,"38":17,"39":2,"40":2,"41":1,"42":1,"43":1,"44":1,"45":1,"46":1,"47":1,"48":1,"49":2,"51":17,"53":17,"54":17,"55":17,"56":17,"58":17,"59":17,"60":1,"61":1,"62":1,"65":17,"66":17,"67":1,"68":1,"69":1,"72":17,"73":17,"74":1,"75":1,"76":1,"79":17,"80":17,"81":1,"82":1,"83":1,"86":17,"87":17,"88":0,"89":0,"90":0,"93":17,"94":17,"95":17,"96":17,"97":17,"98":17,"99":17,"100":17,"101":1,"102":1,"103":1,"106":17,"108":17,"109":17,"111":17},"branchMap":{"0":{"type":"branch","line":15,"loc":{"start":{"line":15,"column":0},"end":{"line":112,"column":1}},"locations":[{"start":{"line":15,"column":0},"end":{"line":112,"column":1}}]},"1":{"type":"branch","line":56,"loc":{"start":{"line":56,"column":13},"end":{"line":56,"column":68}},"locations":[{"start":{"line":56,"column":13},"end":{"line":56,"column":68}}]},"2":{"type":"branch","line":57,"loc":{"start":{"line":57,"column":13},"end":{"line":57,"column":72}},"locations":[{"start":{"line":57,"column":13},"end":{"line":57,"column":72}}]},"3":{"type":"branch","line":60,"loc":{"start":{"line":60,"column":20},"end":{"line":63,"column":20}},"locations":[{"start":{"line":60,"column":20},"end":{"line":63,"column":20}}]},"4":{"type":"branch","line":67,"loc":{"start":{"line":67,"column":20},"end":{"line":70,"column":20}},"locations":[{"start":{"line":67,"column":20},"end":{"line":70,"column":20}}]},"5":{"type":"branch","line":74,"loc":{"start":{"line":74,"column":20},"end":{"line":77,"column":20}},"locations":[{"start":{"line":74,"column":20},"end":{"line":77,"column":20}}]},"6":{"type":"branch","line":81,"loc":{"start":{"line":81,"column":20},"end":{"line":84,"column":20}},"locations":[{"start":{"line":81,"column":20},"end":{"line":84,"column":20}}]},"7":{"type":"branch","line":88,"loc":{"start":{"line":88,"column":20},"end":{"line":91,"column":20}},"locations":[{"start":{"line":88,"column":20},"end":{"line":91,"column":20}}]},"8":{"type":"branch","line":101,"loc":{"start":{"line":101,"column":20},"end":{"line":104,"column":20}},"locations":[{"start":{"line":101,"column":20},"end":{"line":104,"column":20}}]},"9":{"type":"branch","line":21,"loc":{"start":{"line":21,"column":25},"end":{"line":23,"column":5}},"locations":[{"start":{"line":21,"column":25},"end":{"line":23,"column":5}}]},"10":{"type":"branch","line":26,"loc":{"start":{"line":26,"column":21},"end":{"line":37,"column":5}},"locations":[{"start":{"line":26,"column":21},"end":{"line":37,"column":5}}]},"11":{"type":"branch","line":28,"loc":{"start":{"line":28,"column":46},"end":{"line":28,"column":88}},"locations":[{"start":{"line":28,"column":46},"end":{"line":28,"column":88}}]},"12":{"type":"branch","line":29,"loc":{"start":{"line":29,"column":45},"end":{"line":29,"column":85}},"locations":[{"start":{"line":29,"column":45},"end":{"line":29,"column":85}}]},"13":{"type":"branch","line":30,"loc":{"start":{"line":30,"column":43},"end":{"line":30,"column":76}},"locations":[{"start":{"line":30,"column":43},"end":{"line":30,"column":76}}]},"14":{"type":"branch","line":31,"loc":{"start":{"line":31,"column":45},"end":{"line":31,"column":89}},"locations":[{"start":{"line":31,"column":45},"end":{"line":31,"column":89}}]},"15":{"type":"branch","line":32,"loc":{"start":{"line":32,"column":28},"end":{"line":32,"column":63}},"locations":[{"start":{"line":32,"column":28},"end":{"line":32,"column":63}}]},"16":{"type":"branch","line":33,"loc":{"start":{"line":33,"column":53},"end":{"line":33,"column":97}},"locations":[{"start":{"line":33,"column":53},"end":{"line":33,"column":97}}]},"17":{"type":"branch","line":39,"loc":{"start":{"line":39,"column":25},"end":{"line":50,"column":5}},"locations":[{"start":{"line":39,"column":25},"end":{"line":50,"column":5}}]},"18":{"type":"branch","line":41,"loc":{"start":{"line":41,"column":24},"end":{"line":49,"column":9}},"locations":[{"start":{"line":41,"column":24},"end":{"line":49,"column":9}}]},"19":{"type":"branch","line":52,"loc":{"start":{"line":52,"column":57},"end":{"line":52,"column":116}},"locations":[{"start":{"line":52,"column":57},"end":{"line":52,"column":116}}]}},"b":{"0":[17],"1":[1],"2":[1],"3":[1],"4":[1],"5":[1],"6":[1],"7":[0],"8":[1],"9":[12],"10":[2],"11":[1],"12":[1],"13":[1],"14":[1],"15":[0],"16":[1],"17":[2],"18":[1],"19":[56]},"fnMap":{"0":{"name":"RegistrationForm","decl":{"start":{"line":15,"column":0},"end":{"line":112,"column":1}},"loc":{"start":{"line":15,"column":0},"end":{"line":112,"column":1}},"line":15},"1":{"name":"handleChange","decl":{"start":{"line":21,"column":25},"end":{"line":23,"column":5}},"loc":{"start":{"line":21,"column":25},"end":{"line":23,"column":5}},"line":21},"2":{"name":"validate","decl":{"start":{"line":26,"column":21},"end":{"line":37,"column":5}},"loc":{"start":{"line":26,"column":21},"end":{"line":37,"column":5}},"line":26},"3":{"name":"handleSubmit","decl":{"start":{"line":39,"column":25},"end":{"line":50,"column":5}},"loc":{"start":{"line":39,"column":25},"end":{"line":50,"column":5}},"line":39}},"f":{"0":17,"1":12,"2":2,"3":2}}
}
